<?xml version="1.0" encoding="UTF-8"?>
<!-- Generated by org.testng.reporters.JUnitReportReporter -->
<testsuite skipped="0" hostname="Afolabi-D-III" name="com.E_BankV1.testCases.TC_AddCustomerTest_003" tests="1" failures="0" timestamp="06 Jan 2021 02:49:15 GMT" time="178.232" errors="0">
  <testcase name="addNewCustomer" time="178.232" classname="com.E_BankV1.testCases.TC_AddCustomerTest_003"/>
</testsuite> <!-- com.E_BankV1.testCases.TC_AddCustomerTest_003 -->
