<?xml version="1.0" encoding="UTF-8"?>
<!-- Generated by org.testng.reporters.JUnitReportReporter -->
<testsuite skipped="0" hostname="Afolabi-D-III" name="com.E_BankV1.testCases.TC_AddCustomerTest_003" tests="1" failures="0" timestamp="08 Jan 2021 04:28:38 GMT" time="28.196" errors="0">
  <testcase name="addNewCustomer" time="28.196" classname="com.E_BankV1.testCases.TC_AddCustomerTest_003"/>
</testsuite> <!-- com.E_BankV1.testCases.TC_AddCustomerTest_003 -->
